# JRE version: OpenJDK Runtime Environment (8.0_242-b01) (build 1.8.0_242-release-1644-b01)
# Java VM: OpenJDK 64-Bit Server VM (25.242-b01 mixed mode windows-amd64 compressed oops)
Heap:
 PSYoungGen      total 121344K, used 55846K [0x00000000d5580000, 0x00000000dd800000, 0x0000000100000000)
  eden space 109056K, 51% used [0x00000000d5580000,0x00000000d8c098f0,0x00000000dc000000)
  from space 12288K, 0% used [0x00000000dc000000,0x00000000dc000000,0x00000000dcc00000)
  to   space 10752K, 0% used [0x00000000dcd80000,0x00000000dcd80000,0x00000000dd800000)
 ParOldGen       total 93184K, used 16118K [0x0000000080000000, 0x0000000085b00000, 0x00000000d5580000)
  object space 93184K, 17% used [0x0000000080000000,0x0000000080fbdb68,0x0000000085b00000)
 Metaspace       used 38613K, capacity 39932K, committed 40152K, reserved 1083392K
  class space    used 5314K, capacity 5614K, committed 5632K, reserved 1048576K
GC Heap History (10 events):
Event: 2.676 GC heap before
{Heap before GC invocations=5 (full 1):
 PSYoungGen      total 76288K, used 7684K [0x00000000d5580000, 0x00000000daa80000, 0x0000000100000000)
  eden space 65536K, 0% used [0x00000000d5580000,0x00000000d5580000,0x00000000d9580000)
  from space 10752K, 71% used [0x00000000da000000,0x00000000da781010,0x00000000daa80000)
  to   space 10752K, 0% used [0x00000000d9580000,0x00000000d9580000,0x00000000da000000)
 ParOldGen       total 175104K, used 1303K [0x0000000080000000, 0x000000008ab00000, 0x00000000d5580000)
  object space 175104K, 0% used [0x0000000080000000,0x0000000080145cf8,0x000000008ab00000)
 Metaspace       used 20612K, capacity 21154K, committed 21248K, reserved 1067008K
  class space    used 2894K, capacity 3059K, committed 3072K, reserved 1048576K
Event: 2.697 GC heap after
Heap after GC invocations=5 (full 1):
 PSYoungGen      total 76288K, used 0K [0x00000000d5580000, 0x00000000daa80000, 0x0000000100000000)
  eden space 65536K, 0% used [0x00000000d5580000,0x00000000d5580000,0x00000000d9580000)
  from space 10752K, 0% used [0x00000000da000000,0x00000000da000000,0x00000000daa80000)
  to   space 10752K, 0% used [0x00000000d9580000,0x00000000d9580000,0x00000000da000000)
 ParOldGen       total 93184K, used 7494K [0x0000000080000000, 0x0000000085b00000, 0x00000000d5580000)
  object space 93184K, 8% used [0x0000000080000000,0x00000000807519c0,0x0000000085b00000)
 Metaspace       used 20612K, capacity 21154K, committed 21248K, reserved 1067008K
  class space    used 2894K, capacity 3059K, committed 3072K, reserved 1048576K
}
Event: 3.218 GC heap before
{Heap before GC invocations=6 (full 1):
 PSYoungGen      total 76288K, used 65536K [0x00000000d5580000, 0x00000000daa80000, 0x0000000100000000)
  eden space 65536K, 100% used [0x00000000d5580000,0x00000000d9580000,0x00000000d9580000)
  from space 10752K, 0% used [0x00000000da000000,0x00000000da000000,0x00000000daa80000)
  to   space 10752K, 0% used [0x00000000d9580000,0x00000000d9580000,0x00000000da000000)
 ParOldGen       total 93184K, used 7494K [0x0000000080000000, 0x0000000085b00000, 0x00000000d5580000)
  object space 93184K, 8% used [0x0000000080000000,0x00000000807519c0,0x0000000085b00000)
 Metaspace       used 28499K, capacity 29098K, committed 29440K, reserved 1075200K
  class space    used 3846K, capacity 4038K, committed 4096K, reserved 1048576K
Event: 3.222 GC heap after
Heap after GC invocations=6 (full 1):
 PSYoungGen      total 76288K, used 8323K [0x00000000d5580000, 0x00000000dda00000, 0x0000000100000000)
  eden space 65536K, 0% used [0x00000000d5580000,0x00000000d5580000,0x00000000d9580000)
  from space 10752K, 77% used [0x00000000d9580000,0x00000000d9da0f40,0x00000000da000000)
  to   space 12800K, 0% used [0x00000000dcd80000,0x00000000dcd80000,0x00000000dda00000)
 ParOldGen       total 93184K, used 7502K [0x0000000080000000, 0x0000000085b00000, 0x00000000d5580000)
  object space 93184K, 8% used [0x0000000080000000,0x00000000807539c0,0x0000000085b00000)
 Metaspace       used 28499K, capacity 29098K, committed 29440K, reserved 1075200K
  class space    used 3846K, capacity 4038K, committed 4096K, reserved 1048576K
}
Event: 3.712 GC heap before
{Heap before GC invocations=7 (full 1):
 PSYoungGen      total 76288K, used 73859K [0x00000000d5580000, 0x00000000dda00000, 0x0000000100000000)
  eden space 65536K, 100% used [0x00000000d5580000,0x00000000d9580000,0x00000000d9580000)
  from space 10752K, 77% used [0x00000000d9580000,0x00000000d9da0f40,0x00000000da000000)
  to   space 12800K, 0% used [0x00000000dcd80000,0x00000000dcd80000,0x00000000dda00000)
 ParOldGen       total 93184K, used 7502K [0x0000000080000000, 0x0000000085b00000, 0x00000000d5580000)
  object space 93184K, 8% used [0x0000000080000000,0x00000000807539c0,0x0000000085b00000)
 Metaspace       used 32116K, capacity 32866K, committed 33024K, reserved 1077248K
  class space    used 4381K, capacity 4586K, committed 4608K, reserved 1048576K
Event: 3.718 GC heap after
Heap after GC invocations=7 (full 1):
 PSYoungGen      total 119808K, used 8918K [0x00000000d5580000, 0x00000000dd800000, 0x0000000100000000)
  eden space 109056K, 0% used [0x00000000d5580000,0x00000000d5580000,0x00000000dc000000)
  from space 10752K, 82% used [0x00000000dcd80000,0x00000000dd635968,0x00000000dd800000)
  to   space 12288K, 0% used [0x00000000dc000000,0x00000000dc000000,0x00000000dcc00000)
 ParOldGen       total 93184K, used 7510K [0x0000000080000000, 0x0000000085b00000, 0x00000000d5580000)
  object space 93184K, 8% used [0x0000000080000000,0x00000000807559c0,0x0000000085b00000)
 Metaspace       used 32116K, capacity 32866K, committed 33024K, reserved 1077248K
  class space    used 4381K, capacity 4586K, committed 4608K, reserved 1048576K
}
Event: 4.073 GC heap before
{Heap before GC invocations=8 (full 1):
 PSYoungGen      total 119808K, used 58594K [0x00000000d5580000, 0x00000000dd800000, 0x0000000100000000)
  eden space 109056K, 45% used [0x00000000d5580000,0x00000000d8603250,0x00000000dc000000)
  from space 10752K, 82% used [0x00000000dcd80000,0x00000000dd635968,0x00000000dd800000)
  to   space 12288K, 0% used [0x00000000dc000000,0x00000000dc000000,0x00000000dcc00000)
 ParOldGen       total 93184K, used 7510K [0x0000000080000000, 0x0000000085b00000, 0x00000000d5580000)
  object space 93184K, 8% used [0x0000000080000000,0x00000000807559c0,0x0000000085b00000)
 Metaspace       used 34521K, capacity 35300K, committed 35416K, reserved 1079296K
  class space    used 4714K, capacity 4925K, committed 4992K, reserved 1048576K
Event: 4.079 GC heap after
Heap after GC invocations=8 (full 1):
 PSYoungGen      total 121344K, used 9523K [0x00000000d5580000, 0x00000000dd800000, 0x0000000100000000)
  eden space 109056K, 0% used [0x00000000d5580000,0x00000000d5580000,0x00000000dc000000)
  from space 12288K, 77% used [0x00000000dc000000,0x00000000dc94cfe0,0x00000000dcc00000)
  to   space 10752K, 0% used [0x00000000dcd80000,0x00000000dcd80000,0x00000000dd800000)
 ParOldGen       total 93184K, used 7518K [0x0000000080000000, 0x0000000085b00000, 0x00000000d5580000)
  object space 93184K, 8% used [0x0000000080000000,0x00000000807579c0,0x0000000085b00000)
 Metaspace       used 34521K, capacity 35300K, committed 35416K, reserved 1079296K
  class space    used 4714K, capacity 4925K, committed 4992K, reserved 1048576K
}
Event: 4.079 GC heap before
{Heap before GC invocations=9 (full 2):
 PSYoungGen      total 121344K, used 9523K [0x00000000d5580000, 0x00000000dd800000, 0x0000000100000000)
  eden space 109056K, 0% used [0x00000000d5580000,0x00000000d5580000,0x00000000dc000000)
  from space 12288K, 77% used [0x00000000dc000000,0x00000000dc94cfe0,0x00000000dcc00000)
  to   space 10752K, 0% used [0x00000000dcd80000,0x00000000dcd80000,0x00000000dd800000)
 ParOldGen       total 93184K, used 7518K [0x0000000080000000, 0x0000000085b00000, 0x00000000d5580000)
  object space 93184K, 8% used [0x0000000080000000,0x00000000807579c0,0x0000000085b00000)
 Metaspace       used 34521K, capacity 35300K, committed 35416K, reserved 1079296K
  class space    used 4714K, capacity 4925K, committed 4992K, reserved 1048576K
Event: 4.114 GC heap after
Heap after GC invocations=9 (full 2):
 PSYoungGen      total 121344K, used 0K [0x00000000d5580000, 0x00000000dd800000, 0x0000000100000000)
  eden space 109056K, 0% used [0x00000000d5580000,0x00000000d5580000,0x00000000dc000000)
  from space 12288K, 0% used [0x00000000dc000000,0x00000000dc000000,0x00000000dcc00000)
  to   space 10752K, 0% used [0x00000000dcd80000,0x00000000dcd80000,0x00000000dd800000)
 ParOldGen       total 93184K, used 16118K [0x0000000080000000, 0x0000000085b00000, 0x00000000d5580000)
  object space 93184K, 17% used [0x0000000080000000,0x0000000080fbdb68,0x0000000085b00000)
 Metaspace       used 34521K, capacity 35300K, committed 35416K, reserved 1079296K
  class space    used 4714K, capacity 4925K, committed 4992K, reserved 1048576K
}

